Arguments: 
  /home/youssef/.nvm/versions/node/v19.4.0/bin/node /usr/share/yarn/bin/yarn.js install

PATH: 
  /home/youssef/.amplify/bin:/home/youssef/.amplify/bin:/home/youssef/.nvm/versions/node/v19.4.0/bin:/home/youssef/.amplify/bin:/usr/local/sbin:/usr/local/bin:/usr/sbin:/usr/bin:/sbin:/bin:/usr/games:/usr/local/games:/snap/bin:/snap/bin

Yarn version: 
  1.22.19

Node version: 
  19.4.0

Platform: 
  linux x64

Trace: 
  Error: getaddrinfo EAI_AGAIN registry.yarnpkg.com
      at GetAddrInfoReqWrap.onlookup [as oncomplete] (node:dns:107:26)

npm manifest: 
  {
    "name": "create-react-scorm-app",
    "version": "0.1.0",
    "private": true,
    "dependencies": {
      "@material-ui/core": "^4.11.3",
      "@material-ui/icons": "^4.11.2",
      "@material-ui/lab": "4.0.0-alpha.46",
      "animate.css": "^4.1.1",
      "animate.css-react": "^1.1.0",
      "clsx": "^1.1.1",
      "formik": "^2.2.6",
      "jss-rtl": "^0.3.0",
      "pipwerks-scorm-api-wrapper": "^0.1.2",
      "react": "16.8.0",
      "react-animated-css": "^1.2.1",
      "react-animated-slider": "^2.0.0",
      "react-dom": "16.8.0",
      "react-scripts": "3.0.1",
      "react-speech": "^1.0.2",
      "use-sound": "^4.0.1"
    },
    "homepage": "./",
    "scripts": {
      "start": "react-scripts start",
      "build": "react-scripts build",
      "test": "react-scripts test --env=jsdom",
      "eject": "react-scripts eject"
    },
    "browserslist": {
      "production": [
        ">0.2%",
        "not dead",
        "not op_mini all"
      ],
      "development": [
        "last 1 chrome version",
        "last 1 firefox version",
        "last 1 safari version"
      ]
    }
  }

yarn manifest: 
  No manifest

Lockfile: 
  No lockfile
